[23.57.22] [ERROR] ----------------------------------------
[23.57.22] [ERROR] Unhandled UI Exception
[23.57.22] [ERROR] System.Drawing
[23.57.22] [ERROR] Object is currently in use elsewhere.
[23.57.22] [ERROR] System.InvalidOperationException: Object is currently in use elsewhere.
   at System.Drawing.Graphics.CheckErrorStatus(Int32 status)
   at System.Drawing.Graphics.FillRectangle(Brush brush, Int32 x, Int32 y, Int32 width, Int32 height)
   at System.Drawing.Graphics.FillRectangle(Brush brush, Rectangle rect)
   at System.Windows.Forms.Control.PaintBackColor(PaintEventArgs e, Rectangle rectangle, Color backColor)
   at System.Windows.Forms.Control.PaintBackground(PaintEventArgs e, Rectangle rectangle, Color backColor, Point scrollOffset)
   at System.Windows.Forms.Control.PaintBackground(PaintEventArgs e, Rectangle rectangle)
   at System.Windows.Forms.Control.OnPaintBackground(PaintEventArgs pevent)
   at System.Windows.Forms.ScrollableControl.OnPaintBackground(PaintEventArgs e)
   at System.Windows.Forms.Control.PaintWithErrorHandling(PaintEventArgs e, Int16 layer)
   at System.Windows.Forms.Control.OnPrint(PaintEventArgs e)
   at System.Windows.Forms.Control.WmPrintClient(Message& m)
   at System.Windows.Forms.Control.WndProc(Message& m)
   at System.Windows.Forms.ScrollableControl.WndProc(Message& m)
   at System.Windows.Forms.Control.ControlNativeWindow.OnMessage(Message& m)
   at System.Windows.Forms.Control.ControlNativeWindow.WndProc(Message& m)
   at System.Windows.Forms.NativeWindow.Callback(IntPtr hWnd, Int32 msg, IntPtr wparam, IntPtr lparam)
[23.57.22] [ERROR] Location: :0
[23.57.22] [ERROR] ----------------------------------------
